#
# A fatal error has been detected by the Java Runtime Environment:
#
#  EXCEPTION_ACCESS_VIOLATION (0xc0000005) at pc=0x0000000003041921, pid=6748, tid=6164
#
# JRE version: Java(TM) SE Runtime Environment (8.0_25-b18) (build 1.8.0_25-b18)
# Java VM: Java HotSpot(TM) 64-Bit Server VM (25.25-b02 mixed mode windows-amd64 compressed oops)
# Problematic frame:
# j  org.codehaus.groovy.classgen.asm.MopWriter.generateMopCalls(Ljava/util/LinkedList;Z)V+82
#
# Failed to write core dump. Minidumps are not enabled by default on client versions of Windows
#
# If you would like to submit a bug report, please visit:
#   http://bugreport.sun.com/bugreport/crash.jsp
#

---------------  T H R E A D  ---------------

Current thread (0x0000000059b8e000):  JavaThread "Daemon worker" [_thread_in_Java, id=6164, stack(0x000000005aea0000,0x000000005afa0000)]

siginfo: ExceptionCode=0xc0000005, reading address 0xffffffffffffffff

Registers:
RAX=0x00000000155de410, RBX=0x0010000000000011, RCX=0x00000000f1b19258, RDX=0x0000000080000002
RSP=0x000000005af9d248, RBP=0x000000005af9d2a0, RSI=0x0000000011de0000, RDI=0x000000005ef3b7f8
R8 =0x00000000f1b32510, R9 =0x0000000000000000, R10=0x000000006b346260, R11=0x0000000003992f40
R12=0x0000000000000000, R13=0x000000005de845ea, R14=0x0000000000000000, R15=0x0000000059b8e000
RIP=0x0000000003041921, EFLAGS=0x0000000000010246

Top of Stack: (sp=0x000000005af9d248)
0x000000005af9d248:   0000000003027a01 00000000f1b32390
0x000000005af9d258:   00000000f1b19258 000000005af9d260
0x000000005af9d268:   000000005de845ea 000000005af9d328
0x000000005af9d278:   000000005de84aa8 0000000000000000
0x000000005af9d288:   000000005de847c0 0000000000000000
0x000000005af9d298:   000000005af9d318 000000005af9d370
0x000000005af9d2a8:   0000000003027a01 0000000000000000
0x000000005af9d2b8:   0000000000000000 0000000000000000
0x000000005af9d2c8:   0000000000000000 0000000000000000
0x000000005af9d2d8:   0000000000000000 0000000000000000
0x000000005af9d2e8:   00000000f1b32390 00000000f1b32340
0x000000005af9d2f8:   00000000c041a820 00000000f1b32150
0x000000005af9d308:   00000000f27d9cc8 00000000f1b32090
0x000000005af9d318:   0000000000000000 00000000f1b2cfb0
0x000000005af9d328:   00000000f1b2a388 000000005af9d330
0x000000005af9d338:   000000005de841f1 000000005af9d3d8 

Instructions: (pc=0x0000000003041921)
0x0000000003041901:   01 49 83 5e 28 00 e9 0d 00 00 00 49 89 46 10 ba
0x0000000003041911:   01 00 00 00 49 89 56 18 49 83 c6 30 4c 89 75 e0
0x0000000003041921:   48 8b 9c d8 b8 01 00 00 48 8b 55 e0 48 85 d2 0f
0x0000000003041931:   84 27 01 00 00 80 7a d0 0b 0f 85 1d 01 00 00 48 


Register to memory mapping:

RAX=0x00000000155de410 is pointing into metadata
RBX=0x0010000000000011 is an unknown value
RCX=0x00000000f1b19258 is an oop
org.codehaus.groovy.classgen.asm.WriterController 
 - klass: 'org/codehaus/groovy/classgen/asm/WriterController'
RDX=0x0000000080000002 is an unknown value
RSP=0x000000005af9d248 is pointing into the stack for thread: 0x0000000059b8e000
RBP=0x000000005af9d2a0 is pointing into the stack for thread: 0x0000000059b8e000
RSI=0x0000000011de0000 is an unknown value
RDI=0x000000005ef3b7f8 is pointing into metadata
R8 =0x00000000f1b32510 is an oop
groovyjarjarasm.asm.Label 
 - klass: 'groovyjarjarasm/asm/Label'
R9 =0x0000000000000000 is an unknown value
R10=0x000000006b346260 is an unknown value
R11=0x0000000003992f40 is at entry_point+32 in (nmethod*)0x0000000003992d50
R12=0x0000000000000000 is an unknown value
R13=0x000000005de845ea is pointing into metadata
R14=0x0000000000000000 is an unknown value
R15=0x0000000059b8e000 is a thread


Stack: [0x000000005aea0000,0x000000005afa0000],  sp=0x000000005af9d248,  free space=1012k
Native frames: (J=compiled Java code, j=interpreted, Vv=VM code, C=native code)
C  0x0000000003041921


---------------  P R O C E S S  ---------------

Java Threads: ( => current thread )
  0x000000005b830800 JavaThread "File lock request listener" [_thread_in_native, id=4468, stack(0x000000005c870000,0x000000005c970000)]
  0x0000000059ba7000 JavaThread "Stdin handler" [_thread_blocked, id=4960, stack(0x000000005b0f0000,0x000000005b1f0000)]
=>0x0000000059b8e000 JavaThread "Daemon worker" [_thread_in_Java, id=6164, stack(0x000000005aea0000,0x000000005afa0000)]
  0x0000000059aa0800 JavaThread "Cancel handler" [_thread_blocked, id=7056, stack(0x000000005ad40000,0x000000005ae40000)]
  0x00000000599b4000 JavaThread "Handler for socket connection from /127.0.0.1:49952 to /127.0.0.1:49953" [_thread_in_native, id=6592, stack(0x000000005abe0000,0x000000005ace0000)]
  0x00000000599ae800 JavaThread "Daemon" [_thread_blocked, id=6400, stack(0x000000005a6c0000,0x000000005a7c0000)]
  0x000000005991b000 JavaThread "Incoming local TCP Connector on port 49952" [_thread_in_native, id=5172, stack(0x000000005a8c0000,0x000000005a9c0000)]
  0x0000000056f21000 JavaThread "Service Thread" daemon [_thread_blocked, id=4868, stack(0x0000000058aa0000,0x0000000058ba0000)]
  0x0000000056ead800 JavaThread "C1 CompilerThread3" daemon [_thread_blocked, id=2920, stack(0x00000000581e0000,0x00000000582e0000)]
  0x0000000056e93800 JavaThread "C2 CompilerThread2" daemon [_thread_blocked, id=3932, stack(0x0000000058970000,0x0000000058a70000)]
  0x0000000056e8e800 JavaThread "C2 CompilerThread1" daemon [_thread_in_native, id=5072, stack(0x0000000058780000,0x0000000058880000)]
  0x0000000056e85800 JavaThread "C2 CompilerThread0" daemon [_thread_blocked, id=1656, stack(0x0000000058660000,0x0000000058760000)]
  0x0000000056e83000 JavaThread "Attach Listener" daemon [_thread_blocked, id=5444, stack(0x0000000058510000,0x0000000058610000)]
  0x0000000056e82000 JavaThread "Signal Dispatcher" daemon [_thread_blocked, id=4628, stack(0x0000000058370000,0x0000000058470000)]
  0x0000000055cbd800 JavaThread "Finalizer" daemon [_thread_blocked, id=1232, stack(0x0000000058090000,0x0000000058190000)]
  0x0000000055cb5800 JavaThread "Reference Handler" daemon [_thread_blocked, id=6184, stack(0x0000000057db0000,0x0000000057eb0000)]
  0x00000000028b8000 JavaThread "main" [_thread_blocked, id=4424, stack(0x0000000002c50000,0x0000000002d50000)]

Other Threads:
  0x0000000056e33000 VMThread [stack: 0x0000000057f60000,0x0000000058060000] [id=5976]
  0x0000000056f22800 WatcherThread [stack: 0x0000000058d20000,0x0000000058e20000] [id=564]

VM state:not at safepoint (normal execution)

VM Mutex/Monitor currently owned by a thread: None

Heap:
 PSYoungGen      total 126976K, used 121221K [0x00000000eab00000, 0x00000000f3400000, 0x0000000100000000)
  eden space 117248K, 99% used [0x00000000eab00000,0x00000000f1c5eb08,0x00000000f1d80000)
  from space 9728K, 52% used [0x00000000f2700000,0x00000000f2c02928,0x00000000f3080000)
  to   space 9728K, 0% used [0x00000000f1d80000,0x00000000f1d80000,0x00000000f2700000)
 ParOldGen       total 51200K, used 10879K [0x00000000c0000000, 0x00000000c3200000, 0x00000000eab00000)
  object space 51200K, 21% used [0x00000000c0000000,0x00000000c0a9fc70,0x00000000c3200000)
 Metaspace       used 23905K, capacity 24568K, committed 24832K, reserved 1071104K
  class space    used 3083K, capacity 3291K, committed 3328K, reserved 1048576K

Card table byte_map: [0x00000000123e0000,0x00000000125f0000] byte_map_base: 0x0000000011de0000

Marking Bits: (ParMarkBitMap*) 0x000000006b35d490
 Begin Bits: [0x00000000130d0000, 0x00000000140d0000)
 End Bits:   [0x00000000140d0000, 0x00000000150d0000)

Polling page: 0x0000000002410000

CodeCache: size=245760Kb used=10667Kb max_used=10667Kb free=235092Kb
 bounds [0x0000000003020000, 0x0000000003aa0000, 0x0000000012020000]
 total_blobs=3172 nmethods=2552 adapters=533
 compilation: enabled

Compilation events (10 events):
Event: 5.924 Thread 0x0000000056ead800 nmethod 2548 0x0000000003a4d210 code [0x0000000003a4d380, 0x0000000003a4d528]
Event: 5.924 Thread 0x0000000056ead800 2551       3       org.codehaus.groovy.ast.ClassNode::getMethods (37 bytes)
Event: 5.924 Thread 0x0000000056ead800 nmethod 2551 0x0000000003149010 code [0x0000000003149200, 0x0000000003149da8]
Event: 5.924 Thread 0x0000000056ead800 2555       3       groovyjarjarasm.asm.MethodWriter::visitInsn (106 bytes)
Event: 5.925 Thread 0x0000000056ead800 nmethod 2555 0x0000000003a4ad50 code [0x0000000003a4af00, 0x0000000003a4b388]
Event: 5.925 Thread 0x0000000056ead800 2556       3       java.util.LinkedList::removeLast (23 bytes)
Event: 5.925 Thread 0x0000000056ead800 nmethod 2556 0x0000000003a4cd10 code [0x0000000003a4ce80, 0x0000000003a4d0f8]
Event: 5.925 Thread 0x0000000056ead800 2557       3       java.util.LinkedList::unlinkLast (64 bytes)
Event: 5.925 Thread 0x0000000056ead800 nmethod 2557 0x0000000003a4a910 code [0x0000000003a4aa60, 0x0000000003a4ac90]
Event: 5.925 Thread 0x0000000056ead800 2558       3       java.util.ArrayList::remove (69 bytes)

GC Heap History (10 events):
Event: 3.745 GC heap before
{Heap before GC invocations=9 (full 1):
 PSYoungGen      total 50176K, used 41704K [0x00000000eab00000, 0x00000000ef280000, 0x0000000100000000)
  eden space 40448K, 100% used [0x00000000eab00000,0x00000000ed280000,0x00000000ed280000)
  from space 9728K, 12% used [0x00000000ed280000,0x00000000ed3ba0f0,0x00000000edc00000)
  to   space 9728K, 0% used [0x00000000ee900000,0x00000000ee900000,0x00000000ef280000)
 ParOldGen       total 51200K, used 9526K [0x00000000c0000000, 0x00000000c3200000, 0x00000000eab00000)
  object space 51200K, 18% used [0x00000000c0000000,0x00000000c094db20,0x00000000c3200000)
 Metaspace       used 22207K, capacity 22698K, committed 22912K, reserved 1069056K
  class space    used 2915K, capacity 3082K, committed 3200K, reserved 1048576K
Event: 3.774 GC heap after
Heap after GC invocations=9 (full 1):
 PSYoungGen      total 63488K, used 1432K [0x00000000eab00000, 0x00000000f0380000, 0x0000000100000000)
  eden space 53760K, 0% used [0x00000000eab00000,0x00000000eab00000,0x00000000edf80000)
  from space 9728K, 14% used [0x00000000ee900000,0x00000000eea66100,0x00000000ef280000)
  to   space 9728K, 0% used [0x00000000edf80000,0x00000000edf80000,0x00000000ee900000)
 ParOldGen       total 51200K, used 9526K [0x00000000c0000000, 0x00000000c3200000, 0x00000000eab00000)
  object space 51200K, 18% used [0x00000000c0000000,0x00000000c094db20,0x00000000c3200000)
 Metaspace       used 22207K, capacity 22698K, committed 22912K, reserved 1069056K
  class space    used 2915K, capacity 3082K, committed 3200K, reserved 1048576K
}
Event: 4.008 GC heap before
{Heap before GC invocations=10 (full 1):
 PSYoungGen      total 63488K, used 55192K [0x00000000eab00000, 0x00000000f0380000, 0x0000000100000000)
  eden space 53760K, 100% used [0x00000000eab00000,0x00000000edf80000,0x00000000edf80000)
  from space 9728K, 14% used [0x00000000ee900000,0x00000000eea66100,0x00000000ef280000)
  to   space 9728K, 0% used [0x00000000edf80000,0x00000000edf80000,0x00000000ee900000)
 ParOldGen       total 51200K, used 9526K [0x00000000c0000000, 0x00000000c3200000, 0x00000000eab00000)
  object space 51200K, 18% used [0x00000000c0000000,0x00000000c094db20,0x00000000c3200000)
 Metaspace       used 22226K, capacity 22698K, committed 22912K, reserved 1069056K
  class space    used 2916K, capacity 3082K, committed 3200K, reserved 1048576K
Event: 4.039 GC heap after
Heap after GC invocations=10 (full 1):
 PSYoungGen      total 63488K, used 1828K [0x00000000eab00000, 0x00000000f0c80000, 0x0000000100000000)
  eden space 53760K, 0% used [0x00000000eab00000,0x00000000eab00000,0x00000000edf80000)
  from space 9728K, 18% used [0x00000000edf80000,0x00000000ee149100,0x00000000ee900000)
  to   space 9728K, 0% used [0x00000000f0300000,0x00000000f0300000,0x00000000f0c80000)
 ParOldGen       total 51200K, used 9526K [0x00000000c0000000, 0x00000000c3200000, 0x00000000eab00000)
  object space 51200K, 18% used [0x00000000c0000000,0x00000000c094db20,0x00000000c3200000)
 Metaspace       used 22226K, capacity 22698K, committed 22912K, reserved 1069056K
  class space    used 2916K, capacity 3082K, committed 3200K, reserved 1048576K
}
Event: 4.265 GC heap before
{Heap before GC invocations=11 (full 1):
 PSYoungGen      total 63488K, used 55588K [0x00000000eab00000, 0x00000000f0c80000, 0x0000000100000000)
  eden space 53760K, 100% used [0x00000000eab00000,0x00000000edf80000,0x00000000edf80000)
  from space 9728K, 18% used [0x00000000edf80000,0x00000000ee149100,0x00000000ee900000)
  to   space 9728K, 0% used [0x00000000f0300000,0x00000000f0300000,0x00000000f0c80000)
 ParOldGen       total 51200K, used 9526K [0x00000000c0000000, 0x00000000c3200000, 0x00000000eab00000)
  object space 51200K, 18% used [0x00000000c0000000,0x00000000c094db20,0x00000000c3200000)
 Metaspace       used 22230K, capacity 22698K, committed 22912K, reserved 1069056K
  class space    used 2916K, capacity 3082K, committed 3200K, reserved 1048576K
Event: 4.268 GC heap after
Heap after GC invocations=11 (full 1):
 PSYoungGen      total 88064K, used 1860K [0x00000000eab00000, 0x00000000f0b80000, 0x0000000100000000)
  eden space 79360K, 0% used [0x00000000eab00000,0x00000000eab00000,0x00000000ef880000)
  from space 8704K, 21% used [0x00000000f0300000,0x00000000f04d1100,0x00000000f0b80000)
  to   space 9728K, 0% used [0x00000000ef880000,0x00000000ef880000,0x00000000f0200000)
 ParOldGen       total 51200K, used 9526K [0x00000000c0000000, 0x00000000c3200000, 0x00000000eab00000)
  object space 51200K, 18% used [0x00000000c0000000,0x00000000c094db20,0x00000000c3200000)
 Metaspace       used 22230K, capacity 22698K, committed 22912K, reserved 1069056K
  class space    used 2916K, capacity 3082K, committed 3200K, reserved 1048576K
}
Event: 4.567 GC heap before
{Heap before GC invocations=12 (full 1):
 PSYoungGen      total 88064K, used 81220K [0x00000000eab00000, 0x00000000f0b80000, 0x0000000100000000)
  eden space 79360K, 100% used [0x00000000eab00000,0x00000000ef880000,0x00000000ef880000)
  from space 8704K, 21% used [0x00000000f0300000,0x00000000f04d1100,0x00000000f0b80000)
  to   space 9728K, 0% used [0x00000000ef880000,0x00000000ef880000,0x00000000f0200000)
 ParOldGen       total 51200K, used 9526K [0x00000000c0000000, 0x00000000c3200000, 0x00000000eab00000)
  object space 51200K, 18% used [0x00000000c0000000,0x00000000c094db20,0x00000000c3200000)
 Metaspace       used 22246K, capacity 22698K, committed 22912K, reserved 1069056K
  class space    used 2917K, capacity 3082K, committed 3200K, reserved 1048576K
Event: 4.585 GC heap after
Heap after GC invocations=12 (full 1):
 PSYoungGen      total 89088K, used 1168K [0x00000000eab00000, 0x00000000f3080000, 0x0000000100000000)
  eden space 79360K, 0% used [0x00000000eab00000,0x00000000eab00000,0x00000000ef880000)
  from space 9728K, 12% used [0x00000000ef880000,0x00000000ef9a4010,0x00000000f0200000)
  to   space 9728K, 0% used [0x00000000f2700000,0x00000000f2700000,0x00000000f3080000)
 ParOldGen       total 51200K, used 10511K [0x00000000c0000000, 0x00000000c3200000, 0x00000000eab00000)
  object space 51200K, 20% used [0x00000000c0000000,0x00000000c0a43c70,0x00000000c3200000)
 Metaspace       used 22246K, capacity 22698K, committed 22912K, reserved 1069056K
  class space    used 2917K, capacity 3082K, committed 3200K, reserved 1048576K
}
Event: 5.259 GC heap before
{Heap before GC invocations=13 (full 1):
 PSYoungGen      total 89088K, used 80528K [0x00000000eab00000, 0x00000000f3080000, 0x0000000100000000)
  eden space 79360K, 100% used [0x00000000eab00000,0x00000000ef880000,0x00000000ef880000)
  from space 9728K, 12% used [0x00000000ef880000,0x00000000ef9a4010,0x00000000f0200000)
  to   space 9728K, 0% used [0x00000000f2700000,0x00000000f2700000,0x00000000f3080000)
 ParOldGen       total 51200K, used 10511K [0x00000000c0000000, 0x00000000c3200000, 0x00000000eab00000)
  object space 51200K, 20% used [0x00000000c0000000,0x00000000c0a43c70,0x00000000c3200000)
 Metaspace       used 23897K, capacity 24568K, committed 24832K, reserved 1071104K
  class space    used 3083K, capacity 3291K, committed 3328K, reserved 1048576K
Event: 5.441 GC heap after
Heap after GC invocations=13 (full 1):
 PSYoungGen      total 126976K, used 5130K [0x00000000eab00000, 0x00000000f3400000, 0x0000000100000000)
  eden space 117248K, 0% used [0x00000000eab00000,0x00000000eab00000,0x00000000f1d80000)
  from space 9728K, 52% used [0x00000000f2700000,0x00000000f2c02928,0x00000000f3080000)
  to   space 9728K, 0% used [0x00000000f1d80000,0x00000000f1d80000,0x00000000f2700000)
 ParOldGen       total 51200K, used 10879K [0x00000000c0000000, 0x00000000c3200000, 0x00000000eab00000)
  object space 51200K, 21% used [0x00000000c0000000,0x00000000c0a9fc70,0x00000000c3200000)
 Metaspace       used 23897K, capacity 24568K, committed 24832K, reserved 1071104K
  class space    used 3083K, capacity 3291K, committed 3328K, reserved 1048576K
}

Deoptimization events (10 events):
Event: 2.905 Thread 0x0000000059b8e000 Uncommon trap: reason=class_check action=maybe_recompile pc=0x00000000033ba350 method=sun.misc.URLClassPath.getLoader(I)Lsun/misc/URLClassPath$Loader; @ 150
Event: 3.887 Thread 0x0000000059b8e000 Uncommon trap: reason=unreached action=reinterpret pc=0x00000000038b2dcc method=org.codehaus.groovy.ast.ClassNode.redirect()Lorg/codehaus/groovy/ast/ClassNode; @ 4
Event: 3.890 Thread 0x0000000059b8e000 Uncommon trap: reason=unreached action=reinterpret pc=0x000000000385964c method=org.codehaus.groovy.ast.ClassNode.redirect()Lorg/codehaus/groovy/ast/ClassNode; @ 4
Event: 4.349 Thread 0x0000000059b8e000 Uncommon trap: reason=bimorphic action=maybe_recompile pc=0x00000000038c4e50 method=org.codehaus.groovy.control.ResolveVisitor.resolveFromCompileUnit(Lorg/codehaus/groovy/ast/ClassNode;)Z @ 16
Event: 4.350 Thread 0x0000000059b8e000 Uncommon trap: reason=unreached action=reinterpret pc=0x00000000038ca69c method=org.codehaus.groovy.ast.ClassNode.getSuperClass()Lorg/codehaus/groovy/ast/ClassNode; @ 60
Event: 4.350 Thread 0x0000000059b8e000 Uncommon trap: reason=unreached action=reinterpret pc=0x00000000038c4c94 method=org.codehaus.groovy.ast.ClassNode.getCompileUnit()Lorg/codehaus/groovy/ast/CompileUnit; @ 26
Event: 4.351 Thread 0x0000000059b8e000 Uncommon trap: reason=unreached action=reinterpret pc=0x00000000038b486c method=org.codehaus.groovy.ast.ClassNode.redirect()Lorg/codehaus/groovy/ast/ClassNode; @ 4
Event: 4.789 Thread 0x0000000059b8e000 Uncommon trap: reason=bimorphic action=maybe_recompile pc=0x0000000003914e10 method=org.codehaus.groovy.control.ResolveVisitor.resolveNestedClass(Lorg/codehaus/groovy/ast/ClassNode;)Z @ 113
Event: 4.844 Thread 0x0000000059b8e000 Uncommon trap: reason=unreached action=reinterpret pc=0x00000000033121e0 method=java.util.HashMap.hash(Ljava/lang/Object;)I @ 1
Event: 5.035 Thread 0x0000000059b8e000 Uncommon trap: reason=unreached action=reinterpret pc=0x000000000398f5e8 method=java.lang.reflect.AccessibleObject.setAccessible0(Ljava/lang/reflect/AccessibleObject;Z)V @ 23

Internal exceptions (10 events):
Event: 5.918 Thread 0x0000000059b8e000 Exception <a 'java/security/PrivilegedActionException'> (0x00000000f1abf5f8) thrown at [D:\re\workspace\8-2-build-windows-amd64-cygwin\jdk8u25\1677\hotspot\src\share\vm\prims\jvm.cpp, line 1312]
Event: 5.918 Thread 0x0000000059b8e000 Exception <a 'java/security/PrivilegedActionException'> (0x00000000f1ac0558) thrown at [D:\re\workspace\8-2-build-windows-amd64-cygwin\jdk8u25\1677\hotspot\src\share\vm\prims\jvm.cpp, line 1312]
Event: 5.918 Thread 0x0000000059b8e000 Exception <a 'java/security/PrivilegedActionException'> (0x00000000f1ac1ef0) thrown at [D:\re\workspace\8-2-build-windows-amd64-cygwin\jdk8u25\1677\hotspot\src\share\vm\prims\jvm.cpp, line 1312]
Event: 5.918 Thread 0x0000000059b8e000 Exception <a 'java/security/PrivilegedActionException'> (0x00000000f1ac2cc0) thrown at [D:\re\workspace\8-2-build-windows-amd64-cygwin\jdk8u25\1677\hotspot\src\share\vm\prims\jvm.cpp, line 1312]
Event: 5.919 Thread 0x0000000059b8e000 Exception <a 'java/security/PrivilegedActionException'> (0x00000000f1ac3d28) thrown at [D:\re\workspace\8-2-build-windows-amd64-cygwin\jdk8u25\1677\hotspot\src\share\vm\prims\jvm.cpp, line 1312]
Event: 5.919 Thread 0x0000000059b8e000 Exception <a 'java/security/PrivilegedActionException'> (0x00000000f1ac4c20) thrown at [D:\re\workspace\8-2-build-windows-amd64-cygwin\jdk8u25\1677\hotspot\src\share\vm\prims\jvm.cpp, line 1312]
Event: 5.919 Thread 0x0000000059b8e000 Exception <a 'java/security/PrivilegedActionException'> (0x00000000f1ac97b8) thrown at [D:\re\workspace\8-2-build-windows-amd64-cygwin\jdk8u25\1677\hotspot\src\share\vm\prims\jvm.cpp, line 1312]
Event: 5.919 Thread 0x0000000059b8e000 Exception <a 'java/security/PrivilegedActionException'> (0x00000000f1ad32e0) thrown at [D:\re\workspace\8-2-build-windows-amd64-cygwin\jdk8u25\1677\hotspot\src\share\vm\prims\jvm.cpp, line 1312]
Event: 5.919 Thread 0x0000000059b8e000 Exception <a 'java/security/PrivilegedActionException'> (0x00000000f1ad4798) thrown at [D:\re\workspace\8-2-build-windows-amd64-cygwin\jdk8u25\1677\hotspot\src\share\vm\prims\jvm.cpp, line 1312]
Event: 5.919 Thread 0x0000000059b8e000 Exception <a 'java/security/PrivilegedActionException'> (0x00000000f1ad5548) thrown at [D:\re\workspace\8-2-build-windows-amd64-cygwin\jdk8u25\1677\hotspot\src\share\vm\prims\jvm.cpp, line 1312]

Events (10 events):
Event: 5.918 loading class org$gradle$initialization$SettingsScript
Event: 5.918 loading class org$gradle$initialization$SettingsScript done
Event: 5.918 loading class org/gradle$initialization$SettingsScript
Event: 5.918 loading class org/gradle$initialization$SettingsScript done
Event: 5.918 loading class org/gradle/initialization$SettingsScript
Event: 5.918 loading class org/gradle/initialization$SettingsScript done
Event: 5.919 loading class org/gradle/initialization$SettingsScript
Event: 5.919 loading class org/gradle/initialization$SettingsScript done
Event: 5.919 loading class org/gradle/initialization/SettingsScript
Event: 5.919 loading class org/gradle/initialization/SettingsScript done


Dynamic libraries:
0x000000013f940000 - 0x000000013f974000 	C:\Program Files\Java\jdk1.8.0_25\bin\java.exe
0x0000000077b70000 - 0x0000000077d18000 	C:\Windows\SYSTEM32\ntdll.dll
0x0000000077a50000 - 0x0000000077b6f000 	C:\Windows\system32\kernel32.dll
0x000007fefd9c0000 - 0x000007fefda2c000 	C:\Windows\system32\KERNELBASE.dll
0x000007feff390000 - 0x000007feff46b000 	C:\Windows\system32\ADVAPI32.dll
0x000007fefdcf0000 - 0x000007fefdd8f000 	C:\Windows\system32\msvcrt.dll
0x000007feff470000 - 0x000007feff48f000 	C:\Windows\SYSTEM32\sechost.dll
0x000007feff0c0000 - 0x000007feff1ed000 	C:\Windows\system32\RPCRT4.dll
0x0000000077950000 - 0x0000000077a4a000 	C:\Windows\system32\USER32.dll
0x000007feffa70000 - 0x000007feffad7000 	C:\Windows\system32\GDI32.dll
0x000007feff380000 - 0x000007feff38e000 	C:\Windows\system32\LPK.dll
0x000007feff620000 - 0x000007feff6e9000 	C:\Windows\system32\USP10.dll
0x000007fefbde0000 - 0x000007fefbfd4000 	C:\Windows\WinSxS\amd64_microsoft.windows.common-controls_6595b64144ccf1df_6.0.7601.17514_none_fa396087175ac9ac\COMCTL32.dll
0x000007feff1f0000 - 0x000007feff261000 	C:\Windows\system32\SHLWAPI.dll
0x000007feff9f0000 - 0x000007feffa1e000 	C:\Windows\system32\IMM32.DLL
0x000007feff270000 - 0x000007feff379000 	C:\Windows\system32\MSCTF.dll
0x000007fefd850000 - 0x000007fefd890000 	C:\Windows\system32\nvinitx.dll
0x000007fefd640000 - 0x000007fefd6d5000 	C:\Windows\system32\guard64.dll
0x000007fefdd90000 - 0x000007fefdf93000 	C:\Windows\system32\ole32.dll
0x0000000077d40000 - 0x0000000077d47000 	C:\Windows\system32\PSAPI.DLL
0x000007fefd610000 - 0x000007fefd61c000 	C:\Windows\system32\VERSION.dll
0x000007fefd600000 - 0x000007fefd609000 	C:\Windows\system32\fltlib.dll
0x00000000692b0000 - 0x0000000069382000 	C:\Program Files\Java\jdk1.8.0_25\jre\bin\msvcr100.dll
0x000000006ab80000 - 0x000000006b3da000 	C:\Program Files\Java\jdk1.8.0_25\jre\bin\server\jvm.dll
0x000007fefb090000 - 0x000007fefb099000 	C:\Windows\system32\WSOCK32.dll
0x00000000023a0000 - 0x00000000023ed000 	C:\Windows\system32\WS2_32.dll
0x0000000002400000 - 0x0000000002408000 	C:\Windows\system32\NSI.dll
0x000007fefc700000 - 0x000007fefc73b000 	C:\Windows\system32\WINMM.dll
0x0000000074b10000 - 0x0000000074b1f000 	C:\Program Files\Java\jdk1.8.0_25\jre\bin\verify.dll
0x0000000073010000 - 0x0000000073038000 	C:\Program Files\Java\jdk1.8.0_25\jre\bin\java.dll
0x0000000074670000 - 0x0000000074686000 	C:\Program Files\Java\jdk1.8.0_25\jre\bin\zip.dll
0x000007fefe330000 - 0x000007feff0b9000 	C:\Windows\system32\SHELL32.dll
0x000007fefd940000 - 0x000007fefd94f000 	C:\Windows\system32\profapi.dll
0x000007fefd020000 - 0x000007fefd038000 	C:\Windows\system32\CRYPTSP.dll
0x000007fefcd20000 - 0x000007fefcd67000 	C:\Windows\system32\rsaenh.dll
0x0000000002bc0000 - 0x0000000002bde000 	C:\Windows\system32\USERENV.dll
0x000007fefd780000 - 0x000007fefd78f000 	C:\Windows\system32\CRYPTBASE.dll
0x0000000073500000 - 0x000000007351a000 	C:\Program Files\Java\jdk1.8.0_25\jre\bin\net.dll
0x000007fefcfc0000 - 0x000007fefd015000 	C:\Windows\system32\mswsock.dll
0x000007fefcfb0000 - 0x000007fefcfb7000 	C:\Windows\System32\wship6.dll
0x000007fefc940000 - 0x000007fefc967000 	C:\Windows\system32\IPHLPAPI.DLL
0x000007fefc870000 - 0x000007fefc87b000 	C:\Windows\system32\WINNSI.DLL
0x000007fefa940000 - 0x000007fefa958000 	C:\Windows\system32\dhcpcsvc.DLL
0x000007fefa820000 - 0x000007fefa831000 	C:\Windows\system32\dhcpcsvc6.DLL
0x0000000073050000 - 0x0000000073061000 	C:\Program Files\Java\jdk1.8.0_25\jre\bin\nio.dll
0x000007fef6890000 - 0x000007fef68a2000 	C:\Users\Max\AppData\Local\Temp\native-platform5004127796709555493dir\native-platform.dll
0x000007fefd720000 - 0x000007fefd777000 	C:\Windows\system32\apphelp.dll
0x000007fefc740000 - 0x000007fefc865000 	C:\Windows\system32\dbghelp.dll

VM Arguments:
jvm_args: -XX:MaxPermSize=256m -XX:+HeapDumpOnOutOfMemoryError -Xmx1024m -Dfile.encoding=windows-1252 -Duser.country=IT -Duser.language=it -Duser.variant 
java_command: org.gradle.launcher.daemon.bootstrap.GradleDaemon 2.2.1 C:\Users\Max\.gradle\daemon 10800000 94fc4e52-a2a0-4398-9165-cdb9bd86d795 -XX:MaxPermSize=256m -XX:+HeapDumpOnOutOfMemoryError -Xmx1024m -Dfile.encoding=windows-1252 -Duser.country=IT -Duser.language=it -Duser.variant
java_class_path (initial): C:\Program Files\Android\Android Studio1\gradle\gradle-2.2.1\lib\gradle-launcher-2.2.1.jar
Launcher Type: SUN_STANDARD

Environment Variables:
JAVA_HOME=C:\Program Files\Java\jdk1.8.0_25
PATH=C:\Program Files\Common Files\Microsoft Shared\Windows Live;C:\Program Files (x86)\Common Files\Microsoft Shared\Windows Live;C:\ProgramData\Oracle\Java\javapath;C:\Windows\system32;C:\Windows;C:\Windows\System32\Wbem;C:\Windows\System32\WindowsPowerShell\v1.0\;C:\Program Files (x86)\MySQL\MySQL Utilities 1.4\;C:\Program Files (x86)\MySQL\MySQL Utilities 1.4\Doctrine extensions for PHP\;C:\Program Files (x86)\Windows Live\Shared;C:\MinGW\bin;C:\Program Files\MATLAB\R2012a\runtime\win64;C:\Program Files\MATLAB\R2012a\bin;C:\Program Files (x86)\MiKTeX 2.9\miktex\bin\
USERNAME=Max
OS=Windows_NT
PROCESSOR_IDENTIFIER=Intel64 Family 6 Model 42 Stepping 7, GenuineIntel



---------------  S Y S T E M  ---------------

OS: Windows 7 , 64 bit Build 7601 Service Pack 1

CPU:total 8 (4 cores per cpu, 2 threads per core) family 6 model 42 stepping 7, cmov, cx8, fxsr, mmx, sse, sse2, sse3, ssse3, sse4.1, sse4.2, popcnt, avx, aes, clmul, ht, tsc, tscinvbit

Memory: 4k page, physical 6194240k(2893020k free), swap 12386628k(8635092k free)

vm_info: Java HotSpot(TM) 64-Bit Server VM (25.25-b02) for windows-amd64 JRE (1.8.0_25-b18), built on Oct  7 2014 14:25:37 by "java_re" with MS VC++ 10.0 (VS2010)

time: Tue May 12 17:01:01 2015
elapsed time: 5 seconds (0d 0h 0m 5s)

